<?xml version="1.0" encoding="UTF-8"?>
<testsuite xmlns:xsi="http://www.w3.org/2001/XMLSchema-instance" xsi:noNamespaceSchemaLocation="https://maven.apache.org/surefire/maven-surefire-plugin/xsd/surefire-test-report-3.0.xsd" version="3.0" name="nl.hva.backend.Fahim.rest.TestingWebApplicationTests" time="16.417" tests="5" errors="0" skipped="0" failures="0">
  <properties>
    <property name="java.specification.version" value="19"/>
    <property name="sun.jnu.encoding" value="UTF-8"/>
    <property name="java.class.path" value="/Users/fahimfaqiri/Documents/Peek/backend/target/test-classes:/Users/fahimfaqiri/Documents/Peek/backend/target/classes:/Users/fahimfaqiri/.m2/repository/org/springframework/boot/spring-boot-starter-mail/3.2.0/spring-boot-starter-mail-3.2.0.jar:/Users/fahimfaqiri/.m2/repository/org/springframework/boot/spring-boot-starter/3.1.5/spring-boot-starter-3.1.5.jar:/Users/fahimfaqiri/.m2/repository/org/springframework/boot/spring-boot/3.1.5/spring-boot-3.1.5.jar:/Users/fahimfaqiri/.m2/repository/org/springframework/boot/spring-boot-autoconfigure/3.1.5/spring-boot-autoconfigure-3.1.5.jar:/Users/fahimfaqiri/.m2/repository/org/springframework/boot/spring-boot-starter-logging/3.1.5/spring-boot-starter-logging-3.1.5.jar:/Users/fahimfaqiri/.m2/repository/ch/qos/logback/logback-classic/1.4.11/logback-classic-1.4.11.jar:/Users/fahimfaqiri/.m2/repository/ch/qos/logback/logback-core/1.4.11/logback-core-1.4.11.jar:/Users/fahimfaqiri/.m2/repository/org/apache/logging/log4j/log4j-to-slf4j/2.20.0/log4j-to-slf4j-2.20.0.jar:/Users/fahimfaqiri/.m2/repository/org/apache/logging/log4j/log4j-api/2.20.0/log4j-api-2.20.0.jar:/Users/fahimfaqiri/.m2/repository/org/slf4j/jul-to-slf4j/2.0.9/jul-to-slf4j-2.0.9.jar:/Users/fahimfaqiri/.m2/repository/org/yaml/snakeyaml/1.33/snakeyaml-1.33.jar:/Users/fahimfaqiri/.m2/repository/org/springframework/spring-context-support/6.0.13/spring-context-support-6.0.13.jar:/Users/fahimfaqiri/.m2/repository/org/springframework/spring-beans/6.0.13/spring-beans-6.0.13.jar:/Users/fahimfaqiri/.m2/repository/org/springframework/spring-context/6.0.13/spring-context-6.0.13.jar:/Users/fahimfaqiri/.m2/repository/org/eclipse/angus/jakarta.mail/1.1.0/jakarta.mail-1.1.0.jar:/Users/fahimfaqiri/.m2/repository/jakarta/activation/jakarta.activation-api/2.1.2/jakarta.activation-api-2.1.2.jar:/Users/fahimfaqiri/.m2/repository/org/eclipse/angus/angus-activation/2.0.1/angus-activation-2.0.1.jar:/Users/fahimfaqiri/.m2/repository/org/springframework/boot/spring-boot-starter-web/3.1.5/spring-boot-starter-web-3.1.5.jar:/Users/fahimfaqiri/.m2/repository/org/springframework/boot/spring-boot-starter-json/3.1.5/spring-boot-starter-json-3.1.5.jar:/Users/fahimfaqiri/.m2/repository/com/fasterxml/jackson/datatype/jackson-datatype-jdk8/2.15.3/jackson-datatype-jdk8-2.15.3.jar:/Users/fahimfaqiri/.m2/repository/com/fasterxml/jackson/datatype/jackson-datatype-jsr310/2.15.3/jackson-datatype-jsr310-2.15.3.jar:/Users/fahimfaqiri/.m2/repository/com/fasterxml/jackson/module/jackson-module-parameter-names/2.15.3/jackson-module-parameter-names-2.15.3.jar:/Users/fahimfaqiri/.m2/repository/org/springframework/spring-web/6.0.13/spring-web-6.0.13.jar:/Users/fahimfaqiri/.m2/repository/io/micrometer/micrometer-observation/1.11.5/micrometer-observation-1.11.5.jar:/Users/fahimfaqiri/.m2/repository/io/micrometer/micrometer-commons/1.11.5/micrometer-commons-1.11.5.jar:/Users/fahimfaqiri/.m2/repository/org/springframework/spring-webmvc/6.0.13/spring-webmvc-6.0.13.jar:/Users/fahimfaqiri/.m2/repository/org/springframework/spring-expression/6.0.13/spring-expression-6.0.13.jar:/Users/fahimfaqiri/.m2/repository/org/springframework/boot/spring-boot-starter-security/3.1.5/spring-boot-starter-security-3.1.5.jar:/Users/fahimfaqiri/.m2/repository/org/springframework/spring-aop/6.0.13/spring-aop-6.0.13.jar:/Users/fahimfaqiri/.m2/repository/org/springframework/security/spring-security-config/6.1.5/spring-security-config-6.1.5.jar:/Users/fahimfaqiri/.m2/repository/org/springframework/security/spring-security-core/6.1.5/spring-security-core-6.1.5.jar:/Users/fahimfaqiri/.m2/repository/org/springframework/security/spring-security-crypto/6.1.5/spring-security-crypto-6.1.5.jar:/Users/fahimfaqiri/.m2/repository/org/springframework/security/spring-security-web/6.1.5/spring-security-web-6.1.5.jar:/Users/fahimfaqiri/.m2/repository/io/jsonwebtoken/jjwt-api/0.11.5/jjwt-api-0.11.5.jar:/Users/fahimfaqiri/.m2/repository/io/jsonwebtoken/jjwt-impl/0.11.5/jjwt-impl-0.11.5.jar:/Users/fahimfaqiri/.m2/repository/io/jsonwebtoken/jjwt-jackson/0.11.5/jjwt-jackson-0.11.5.jar:/Users/fahimfaqiri/.m2/repository/com/fasterxml/jackson/core/jackson-databind/2.15.3/jackson-databind-2.15.3.jar:/Users/fahimfaqiri/.m2/repository/com/fasterxml/jackson/core/jackson-annotations/2.15.3/jackson-annotations-2.15.3.jar:/Users/fahimfaqiri/.m2/repository/com/fasterxml/jackson/core/jackson-core/2.15.3/jackson-core-2.15.3.jar:/Users/fahimfaqiri/.m2/repository/org/springframework/boot/spring-boot-starter-validation/3.1.5/spring-boot-starter-validation-3.1.5.jar:/Users/fahimfaqiri/.m2/repository/org/apache/tomcat/embed/tomcat-embed-el/10.1.15/tomcat-embed-el-10.1.15.jar:/Users/fahimfaqiri/.m2/repository/org/hibernate/validator/hibernate-validator/8.0.1.Final/hibernate-validator-8.0.1.Final.jar:/Users/fahimfaqiri/.m2/repository/jakarta/validation/jakarta.validation-api/3.0.2/jakarta.validation-api-3.0.2.jar:/Users/fahimfaqiri/.m2/repository/org/jboss/logging/jboss-logging/3.5.3.Final/jboss-logging-3.5.3.Final.jar:/Users/fahimfaqiri/.m2/repository/com/fasterxml/classmate/1.5.1/classmate-1.5.1.jar:/Users/fahimfaqiri/.m2/repository/com/mysql/mysql-connector-j/8.0.33/mysql-connector-j-8.0.33.jar:/Users/fahimfaqiri/.m2/repository/org/springframework/boot/spring-boot-starter-tomcat/3.1.5/spring-boot-starter-tomcat-3.1.5.jar:/Users/fahimfaqiri/.m2/repository/jakarta/annotation/jakarta.annotation-api/2.1.1/jakarta.annotation-api-2.1.1.jar:/Users/fahimfaqiri/.m2/repository/org/apache/tomcat/embed/tomcat-embed-core/10.1.15/tomcat-embed-core-10.1.15.jar:/Users/fahimfaqiri/.m2/repository/org/apache/tomcat/embed/tomcat-embed-websocket/10.1.15/tomcat-embed-websocket-10.1.15.jar:/Users/fahimfaqiri/.m2/repository/org/springframework/boot/spring-boot-starter-data-jpa/3.1.5/spring-boot-starter-data-jpa-3.1.5.jar:/Users/fahimfaqiri/.m2/repository/org/springframework/boot/spring-boot-starter-aop/3.1.5/spring-boot-starter-aop-3.1.5.jar:/Users/fahimfaqiri/.m2/repository/org/aspectj/aspectjweaver/1.9.20/aspectjweaver-1.9.20.jar:/Users/fahimfaqiri/.m2/repository/org/springframework/boot/spring-boot-starter-jdbc/3.1.5/spring-boot-starter-jdbc-3.1.5.jar:/Users/fahimfaqiri/.m2/repository/com/zaxxer/HikariCP/5.0.1/HikariCP-5.0.1.jar:/Users/fahimfaqiri/.m2/repository/org/springframework/spring-jdbc/6.0.13/spring-jdbc-6.0.13.jar:/Users/fahimfaqiri/.m2/repository/org/hibernate/orm/hibernate-core/6.2.13.Final/hibernate-core-6.2.13.Final.jar:/Users/fahimfaqiri/.m2/repository/jakarta/persistence/jakarta.persistence-api/3.1.0/jakarta.persistence-api-3.1.0.jar:/Users/fahimfaqiri/.m2/repository/jakarta/transaction/jakarta.transaction-api/2.0.1/jakarta.transaction-api-2.0.1.jar:/Users/fahimfaqiri/.m2/repository/org/hibernate/common/hibernate-commons-annotations/6.0.6.Final/hibernate-commons-annotations-6.0.6.Final.jar:/Users/fahimfaqiri/.m2/repository/io/smallrye/jandex/3.0.5/jandex-3.0.5.jar:/Users/fahimfaqiri/.m2/repository/net/bytebuddy/byte-buddy/1.14.9/byte-buddy-1.14.9.jar:/Users/fahimfaqiri/.m2/repository/org/glassfish/jaxb/jaxb-runtime/4.0.3/jaxb-runtime-4.0.3.jar:/Users/fahimfaqiri/.m2/repository/org/glassfish/jaxb/jaxb-core/4.0.3/jaxb-core-4.0.3.jar:/Users/fahimfaqiri/.m2/repository/org/glassfish/jaxb/txw2/4.0.3/txw2-4.0.3.jar:/Users/fahimfaqiri/.m2/repository/com/sun/istack/istack-commons-runtime/4.1.2/istack-commons-runtime-4.1.2.jar:/Users/fahimfaqiri/.m2/repository/jakarta/inject/jakarta.inject-api/2.0.1/jakarta.inject-api-2.0.1.jar:/Users/fahimfaqiri/.m2/repository/org/antlr/antlr4-runtime/4.10.1/antlr4-runtime-4.10.1.jar:/Users/fahimfaqiri/.m2/repository/org/springframework/data/spring-data-jpa/3.1.5/spring-data-jpa-3.1.5.jar:/Users/fahimfaqiri/.m2/repository/org/springframework/data/spring-data-commons/3.1.5/spring-data-commons-3.1.5.jar:/Users/fahimfaqiri/.m2/repository/org/springframework/spring-orm/6.0.13/spring-orm-6.0.13.jar:/Users/fahimfaqiri/.m2/repository/org/springframework/spring-tx/6.0.13/spring-tx-6.0.13.jar:/Users/fahimfaqiri/.m2/repository/org/slf4j/slf4j-api/2.0.9/slf4j-api-2.0.9.jar:/Users/fahimfaqiri/.m2/repository/org/springframework/spring-aspects/6.0.13/spring-aspects-6.0.13.jar:/Users/fahimfaqiri/.m2/repository/org/postgresql/postgresql/42.6.0/postgresql-42.6.0.jar:/Users/fahimfaqiri/.m2/repository/org/checkerframework/checker-qual/3.31.0/checker-qual-3.31.0.jar:/Users/fahimfaqiri/.m2/repository/org/springframework/boot/spring-boot-starter-websocket/3.1.5/spring-boot-starter-websocket-3.1.5.jar:/Users/fahimfaqiri/.m2/repository/org/springframework/spring-messaging/6.0.13/spring-messaging-6.0.13.jar:/Users/fahimfaqiri/.m2/repository/org/springframework/spring-websocket/6.0.13/spring-websocket-6.0.13.jar:/Users/fahimfaqiri/.m2/repository/org/springframework/boot/spring-boot-starter-test/3.1.5/spring-boot-starter-test-3.1.5.jar:/Users/fahimfaqiri/.m2/repository/org/springframework/boot/spring-boot-test/3.1.5/spring-boot-test-3.1.5.jar:/Users/fahimfaqiri/.m2/repository/org/springframework/boot/spring-boot-test-autoconfigure/3.1.5/spring-boot-test-autoconfigure-3.1.5.jar:/Users/fahimfaqiri/.m2/repository/com/jayway/jsonpath/json-path/2.8.0/json-path-2.8.0.jar:/Users/fahimfaqiri/.m2/repository/jakarta/xml/bind/jakarta.xml.bind-api/4.0.1/jakarta.xml.bind-api-4.0.1.jar:/Users/fahimfaqiri/.m2/repository/net/minidev/json-smart/2.4.11/json-smart-2.4.11.jar:/Users/fahimfaqiri/.m2/repository/net/minidev/accessors-smart/2.4.11/accessors-smart-2.4.11.jar:/Users/fahimfaqiri/.m2/repository/org/ow2/asm/asm/9.3/asm-9.3.jar:/Users/fahimfaqiri/.m2/repository/org/assertj/assertj-core/3.24.2/assertj-core-3.24.2.jar:/Users/fahimfaqiri/.m2/repository/org/hamcrest/hamcrest/2.2/hamcrest-2.2.jar:/Users/fahimfaqiri/.m2/repository/org/mockito/mockito-core/5.3.1/mockito-core-5.3.1.jar:/Users/fahimfaqiri/.m2/repository/net/bytebuddy/byte-buddy-agent/1.14.9/byte-buddy-agent-1.14.9.jar:/Users/fahimfaqiri/.m2/repository/org/objenesis/objenesis/3.3/objenesis-3.3.jar:/Users/fahimfaqiri/.m2/repository/org/mockito/mockito-junit-jupiter/5.3.1/mockito-junit-jupiter-5.3.1.jar:/Users/fahimfaqiri/.m2/repository/org/skyscreamer/jsonassert/1.5.1/jsonassert-1.5.1.jar:/Users/fahimfaqiri/.m2/repository/com/vaadin/external/google/android-json/0.0.20131108.vaadin1/android-json-0.0.20131108.vaadin1.jar:/Users/fahimfaqiri/.m2/repository/org/springframework/spring-core/6.0.13/spring-core-6.0.13.jar:/Users/fahimfaqiri/.m2/repository/org/springframework/spring-jcl/6.0.13/spring-jcl-6.0.13.jar:/Users/fahimfaqiri/.m2/repository/org/springframework/spring-test/6.0.13/spring-test-6.0.13.jar:/Users/fahimfaqiri/.m2/repository/org/xmlunit/xmlunit-core/2.9.1/xmlunit-core-2.9.1.jar:/Users/fahimfaqiri/.m2/repository/org/junit/jupiter/junit-jupiter/5.9.3/junit-jupiter-5.9.3.jar:/Users/fahimfaqiri/.m2/repository/org/junit/jupiter/junit-jupiter-api/5.9.3/junit-jupiter-api-5.9.3.jar:/Users/fahimfaqiri/.m2/repository/org/opentest4j/opentest4j/1.2.0/opentest4j-1.2.0.jar:/Users/fahimfaqiri/.m2/repository/org/junit/platform/junit-platform-commons/1.9.3/junit-platform-commons-1.9.3.jar:/Users/fahimfaqiri/.m2/repository/org/junit/jupiter/junit-jupiter-params/5.9.3/junit-jupiter-params-5.9.3.jar:/Users/fahimfaqiri/.m2/repository/org/junit/jupiter/junit-jupiter-engine/5.9.3/junit-jupiter-engine-5.9.3.jar:/Users/fahimfaqiri/.m2/repository/org/junit/vintage/junit-vintage-engine/5.9.3/junit-vintage-engine-5.9.3.jar:/Users/fahimfaqiri/.m2/repository/org/junit/platform/junit-platform-engine/1.9.3/junit-platform-engine-1.9.3.jar:/Users/fahimfaqiri/.m2/repository/junit/junit/4.13.2/junit-4.13.2.jar:/Users/fahimfaqiri/.m2/repository/org/apiguardian/apiguardian-api/1.1.2/apiguardian-api-1.1.2.jar:/Users/fahimfaqiri/.m2/repository/com/h2database/h2/2.2.220/h2-2.2.220.jar:"/>
    <property name="java.vm.vendor" value="Oracle Corporation"/>
    <property name="sun.arch.data.model" value="64"/>
    <property name="java.vendor.url" value="https://java.oracle.com/"/>
    <property name="user.timezone" value="Europe/Amsterdam"/>
    <property name="org.jboss.logging.provider" value="slf4j"/>
    <property name="os.name" value="Mac OS X"/>
    <property name="java.vm.specification.version" value="19"/>
    <property name="sun.java.launcher" value="SUN_STANDARD"/>
    <property name="user.country" value="NL"/>
    <property name="sun.boot.library.path" value="/Library/Java/JavaVirtualMachines/jdk-19.jdk/Contents/Home/lib"/>
    <property name="sun.java.command" value="/Users/fahimfaqiri/Documents/Peek/backend/target/surefire/surefirebooter-20240109221001750_3.jar /Users/fahimfaqiri/Documents/Peek/backend/target/surefire 2024-01-09T22-10-01_694-jvmRun1 surefire-20240109221001750_1tmp surefire_0-20240109221001750_2tmp"/>
    <property name="http.nonProxyHosts" value="local|*.local|169.254/16|*.169.254/16"/>
    <property name="jdk.debug" value="release"/>
    <property name="surefire.test.class.path" value="/Users/fahimfaqiri/Documents/Peek/backend/target/test-classes:/Users/fahimfaqiri/Documents/Peek/backend/target/classes:/Users/fahimfaqiri/.m2/repository/org/springframework/boot/spring-boot-starter-mail/3.2.0/spring-boot-starter-mail-3.2.0.jar:/Users/fahimfaqiri/.m2/repository/org/springframework/boot/spring-boot-starter/3.1.5/spring-boot-starter-3.1.5.jar:/Users/fahimfaqiri/.m2/repository/org/springframework/boot/spring-boot/3.1.5/spring-boot-3.1.5.jar:/Users/fahimfaqiri/.m2/repository/org/springframework/boot/spring-boot-autoconfigure/3.1.5/spring-boot-autoconfigure-3.1.5.jar:/Users/fahimfaqiri/.m2/repository/org/springframework/boot/spring-boot-starter-logging/3.1.5/spring-boot-starter-logging-3.1.5.jar:/Users/fahimfaqiri/.m2/repository/ch/qos/logback/logback-classic/1.4.11/logback-classic-1.4.11.jar:/Users/fahimfaqiri/.m2/repository/ch/qos/logback/logback-core/1.4.11/logback-core-1.4.11.jar:/Users/fahimfaqiri/.m2/repository/org/apache/logging/log4j/log4j-to-slf4j/2.20.0/log4j-to-slf4j-2.20.0.jar:/Users/fahimfaqiri/.m2/repository/org/apache/logging/log4j/log4j-api/2.20.0/log4j-api-2.20.0.jar:/Users/fahimfaqiri/.m2/repository/org/slf4j/jul-to-slf4j/2.0.9/jul-to-slf4j-2.0.9.jar:/Users/fahimfaqiri/.m2/repository/org/yaml/snakeyaml/1.33/snakeyaml-1.33.jar:/Users/fahimfaqiri/.m2/repository/org/springframework/spring-context-support/6.0.13/spring-context-support-6.0.13.jar:/Users/fahimfaqiri/.m2/repository/org/springframework/spring-beans/6.0.13/spring-beans-6.0.13.jar:/Users/fahimfaqiri/.m2/repository/org/springframework/spring-context/6.0.13/spring-context-6.0.13.jar:/Users/fahimfaqiri/.m2/repository/org/eclipse/angus/jakarta.mail/1.1.0/jakarta.mail-1.1.0.jar:/Users/fahimfaqiri/.m2/repository/jakarta/activation/jakarta.activation-api/2.1.2/jakarta.activation-api-2.1.2.jar:/Users/fahimfaqiri/.m2/repository/org/eclipse/angus/angus-activation/2.0.1/angus-activation-2.0.1.jar:/Users/fahimfaqiri/.m2/repository/org/springframework/boot/spring-boot-starter-web/3.1.5/spring-boot-starter-web-3.1.5.jar:/Users/fahimfaqiri/.m2/repository/org/springframework/boot/spring-boot-starter-json/3.1.5/spring-boot-starter-json-3.1.5.jar:/Users/fahimfaqiri/.m2/repository/com/fasterxml/jackson/datatype/jackson-datatype-jdk8/2.15.3/jackson-datatype-jdk8-2.15.3.jar:/Users/fahimfaqiri/.m2/repository/com/fasterxml/jackson/datatype/jackson-datatype-jsr310/2.15.3/jackson-datatype-jsr310-2.15.3.jar:/Users/fahimfaqiri/.m2/repository/com/fasterxml/jackson/module/jackson-module-parameter-names/2.15.3/jackson-module-parameter-names-2.15.3.jar:/Users/fahimfaqiri/.m2/repository/org/springframework/spring-web/6.0.13/spring-web-6.0.13.jar:/Users/fahimfaqiri/.m2/repository/io/micrometer/micrometer-observation/1.11.5/micrometer-observation-1.11.5.jar:/Users/fahimfaqiri/.m2/repository/io/micrometer/micrometer-commons/1.11.5/micrometer-commons-1.11.5.jar:/Users/fahimfaqiri/.m2/repository/org/springframework/spring-webmvc/6.0.13/spring-webmvc-6.0.13.jar:/Users/fahimfaqiri/.m2/repository/org/springframework/spring-expression/6.0.13/spring-expression-6.0.13.jar:/Users/fahimfaqiri/.m2/repository/org/springframework/boot/spring-boot-starter-security/3.1.5/spring-boot-starter-security-3.1.5.jar:/Users/fahimfaqiri/.m2/repository/org/springframework/spring-aop/6.0.13/spring-aop-6.0.13.jar:/Users/fahimfaqiri/.m2/repository/org/springframework/security/spring-security-config/6.1.5/spring-security-config-6.1.5.jar:/Users/fahimfaqiri/.m2/repository/org/springframework/security/spring-security-core/6.1.5/spring-security-core-6.1.5.jar:/Users/fahimfaqiri/.m2/repository/org/springframework/security/spring-security-crypto/6.1.5/spring-security-crypto-6.1.5.jar:/Users/fahimfaqiri/.m2/repository/org/springframework/security/spring-security-web/6.1.5/spring-security-web-6.1.5.jar:/Users/fahimfaqiri/.m2/repository/io/jsonwebtoken/jjwt-api/0.11.5/jjwt-api-0.11.5.jar:/Users/fahimfaqiri/.m2/repository/io/jsonwebtoken/jjwt-impl/0.11.5/jjwt-impl-0.11.5.jar:/Users/fahimfaqiri/.m2/repository/io/jsonwebtoken/jjwt-jackson/0.11.5/jjwt-jackson-0.11.5.jar:/Users/fahimfaqiri/.m2/repository/com/fasterxml/jackson/core/jackson-databind/2.15.3/jackson-databind-2.15.3.jar:/Users/fahimfaqiri/.m2/repository/com/fasterxml/jackson/core/jackson-annotations/2.15.3/jackson-annotations-2.15.3.jar:/Users/fahimfaqiri/.m2/repository/com/fasterxml/jackson/core/jackson-core/2.15.3/jackson-core-2.15.3.jar:/Users/fahimfaqiri/.m2/repository/org/springframework/boot/spring-boot-starter-validation/3.1.5/spring-boot-starter-validation-3.1.5.jar:/Users/fahimfaqiri/.m2/repository/org/apache/tomcat/embed/tomcat-embed-el/10.1.15/tomcat-embed-el-10.1.15.jar:/Users/fahimfaqiri/.m2/repository/org/hibernate/validator/hibernate-validator/8.0.1.Final/hibernate-validator-8.0.1.Final.jar:/Users/fahimfaqiri/.m2/repository/jakarta/validation/jakarta.validation-api/3.0.2/jakarta.validation-api-3.0.2.jar:/Users/fahimfaqiri/.m2/repository/org/jboss/logging/jboss-logging/3.5.3.Final/jboss-logging-3.5.3.Final.jar:/Users/fahimfaqiri/.m2/repository/com/fasterxml/classmate/1.5.1/classmate-1.5.1.jar:/Users/fahimfaqiri/.m2/repository/com/mysql/mysql-connector-j/8.0.33/mysql-connector-j-8.0.33.jar:/Users/fahimfaqiri/.m2/repository/org/springframework/boot/spring-boot-starter-tomcat/3.1.5/spring-boot-starter-tomcat-3.1.5.jar:/Users/fahimfaqiri/.m2/repository/jakarta/annotation/jakarta.annotation-api/2.1.1/jakarta.annotation-api-2.1.1.jar:/Users/fahimfaqiri/.m2/repository/org/apache/tomcat/embed/tomcat-embed-core/10.1.15/tomcat-embed-core-10.1.15.jar:/Users/fahimfaqiri/.m2/repository/org/apache/tomcat/embed/tomcat-embed-websocket/10.1.15/tomcat-embed-websocket-10.1.15.jar:/Users/fahimfaqiri/.m2/repository/org/springframework/boot/spring-boot-starter-data-jpa/3.1.5/spring-boot-starter-data-jpa-3.1.5.jar:/Users/fahimfaqiri/.m2/repository/org/springframework/boot/spring-boot-starter-aop/3.1.5/spring-boot-starter-aop-3.1.5.jar:/Users/fahimfaqiri/.m2/repository/org/aspectj/aspectjweaver/1.9.20/aspectjweaver-1.9.20.jar:/Users/fahimfaqiri/.m2/repository/org/springframework/boot/spring-boot-starter-jdbc/3.1.5/spring-boot-starter-jdbc-3.1.5.jar:/Users/fahimfaqiri/.m2/repository/com/zaxxer/HikariCP/5.0.1/HikariCP-5.0.1.jar:/Users/fahimfaqiri/.m2/repository/org/springframework/spring-jdbc/6.0.13/spring-jdbc-6.0.13.jar:/Users/fahimfaqiri/.m2/repository/org/hibernate/orm/hibernate-core/6.2.13.Final/hibernate-core-6.2.13.Final.jar:/Users/fahimfaqiri/.m2/repository/jakarta/persistence/jakarta.persistence-api/3.1.0/jakarta.persistence-api-3.1.0.jar:/Users/fahimfaqiri/.m2/repository/jakarta/transaction/jakarta.transaction-api/2.0.1/jakarta.transaction-api-2.0.1.jar:/Users/fahimfaqiri/.m2/repository/org/hibernate/common/hibernate-commons-annotations/6.0.6.Final/hibernate-commons-annotations-6.0.6.Final.jar:/Users/fahimfaqiri/.m2/repository/io/smallrye/jandex/3.0.5/jandex-3.0.5.jar:/Users/fahimfaqiri/.m2/repository/net/bytebuddy/byte-buddy/1.14.9/byte-buddy-1.14.9.jar:/Users/fahimfaqiri/.m2/repository/org/glassfish/jaxb/jaxb-runtime/4.0.3/jaxb-runtime-4.0.3.jar:/Users/fahimfaqiri/.m2/repository/org/glassfish/jaxb/jaxb-core/4.0.3/jaxb-core-4.0.3.jar:/Users/fahimfaqiri/.m2/repository/org/glassfish/jaxb/txw2/4.0.3/txw2-4.0.3.jar:/Users/fahimfaqiri/.m2/repository/com/sun/istack/istack-commons-runtime/4.1.2/istack-commons-runtime-4.1.2.jar:/Users/fahimfaqiri/.m2/repository/jakarta/inject/jakarta.inject-api/2.0.1/jakarta.inject-api-2.0.1.jar:/Users/fahimfaqiri/.m2/repository/org/antlr/antlr4-runtime/4.10.1/antlr4-runtime-4.10.1.jar:/Users/fahimfaqiri/.m2/repository/org/springframework/data/spring-data-jpa/3.1.5/spring-data-jpa-3.1.5.jar:/Users/fahimfaqiri/.m2/repository/org/springframework/data/spring-data-commons/3.1.5/spring-data-commons-3.1.5.jar:/Users/fahimfaqiri/.m2/repository/org/springframework/spring-orm/6.0.13/spring-orm-6.0.13.jar:/Users/fahimfaqiri/.m2/repository/org/springframework/spring-tx/6.0.13/spring-tx-6.0.13.jar:/Users/fahimfaqiri/.m2/repository/org/slf4j/slf4j-api/2.0.9/slf4j-api-2.0.9.jar:/Users/fahimfaqiri/.m2/repository/org/springframework/spring-aspects/6.0.13/spring-aspects-6.0.13.jar:/Users/fahimfaqiri/.m2/repository/org/postgresql/postgresql/42.6.0/postgresql-42.6.0.jar:/Users/fahimfaqiri/.m2/repository/org/checkerframework/checker-qual/3.31.0/checker-qual-3.31.0.jar:/Users/fahimfaqiri/.m2/repository/org/springframework/boot/spring-boot-starter-websocket/3.1.5/spring-boot-starter-websocket-3.1.5.jar:/Users/fahimfaqiri/.m2/repository/org/springframework/spring-messaging/6.0.13/spring-messaging-6.0.13.jar:/Users/fahimfaqiri/.m2/repository/org/springframework/spring-websocket/6.0.13/spring-websocket-6.0.13.jar:/Users/fahimfaqiri/.m2/repository/org/springframework/boot/spring-boot-starter-test/3.1.5/spring-boot-starter-test-3.1.5.jar:/Users/fahimfaqiri/.m2/repository/org/springframework/boot/spring-boot-test/3.1.5/spring-boot-test-3.1.5.jar:/Users/fahimfaqiri/.m2/repository/org/springframework/boot/spring-boot-test-autoconfigure/3.1.5/spring-boot-test-autoconfigure-3.1.5.jar:/Users/fahimfaqiri/.m2/repository/com/jayway/jsonpath/json-path/2.8.0/json-path-2.8.0.jar:/Users/fahimfaqiri/.m2/repository/jakarta/xml/bind/jakarta.xml.bind-api/4.0.1/jakarta.xml.bind-api-4.0.1.jar:/Users/fahimfaqiri/.m2/repository/net/minidev/json-smart/2.4.11/json-smart-2.4.11.jar:/Users/fahimfaqiri/.m2/repository/net/minidev/accessors-smart/2.4.11/accessors-smart-2.4.11.jar:/Users/fahimfaqiri/.m2/repository/org/ow2/asm/asm/9.3/asm-9.3.jar:/Users/fahimfaqiri/.m2/repository/org/assertj/assertj-core/3.24.2/assertj-core-3.24.2.jar:/Users/fahimfaqiri/.m2/repository/org/hamcrest/hamcrest/2.2/hamcrest-2.2.jar:/Users/fahimfaqiri/.m2/repository/org/mockito/mockito-core/5.3.1/mockito-core-5.3.1.jar:/Users/fahimfaqiri/.m2/repository/net/bytebuddy/byte-buddy-agent/1.14.9/byte-buddy-agent-1.14.9.jar:/Users/fahimfaqiri/.m2/repository/org/objenesis/objenesis/3.3/objenesis-3.3.jar:/Users/fahimfaqiri/.m2/repository/org/mockito/mockito-junit-jupiter/5.3.1/mockito-junit-jupiter-5.3.1.jar:/Users/fahimfaqiri/.m2/repository/org/skyscreamer/jsonassert/1.5.1/jsonassert-1.5.1.jar:/Users/fahimfaqiri/.m2/repository/com/vaadin/external/google/android-json/0.0.20131108.vaadin1/android-json-0.0.20131108.vaadin1.jar:/Users/fahimfaqiri/.m2/repository/org/springframework/spring-core/6.0.13/spring-core-6.0.13.jar:/Users/fahimfaqiri/.m2/repository/org/springframework/spring-jcl/6.0.13/spring-jcl-6.0.13.jar:/Users/fahimfaqiri/.m2/repository/org/springframework/spring-test/6.0.13/spring-test-6.0.13.jar:/Users/fahimfaqiri/.m2/repository/org/xmlunit/xmlunit-core/2.9.1/xmlunit-core-2.9.1.jar:/Users/fahimfaqiri/.m2/repository/org/junit/jupiter/junit-jupiter/5.9.3/junit-jupiter-5.9.3.jar:/Users/fahimfaqiri/.m2/repository/org/junit/jupiter/junit-jupiter-api/5.9.3/junit-jupiter-api-5.9.3.jar:/Users/fahimfaqiri/.m2/repository/org/opentest4j/opentest4j/1.2.0/opentest4j-1.2.0.jar:/Users/fahimfaqiri/.m2/repository/org/junit/platform/junit-platform-commons/1.9.3/junit-platform-commons-1.9.3.jar:/Users/fahimfaqiri/.m2/repository/org/junit/jupiter/junit-jupiter-params/5.9.3/junit-jupiter-params-5.9.3.jar:/Users/fahimfaqiri/.m2/repository/org/junit/jupiter/junit-jupiter-engine/5.9.3/junit-jupiter-engine-5.9.3.jar:/Users/fahimfaqiri/.m2/repository/org/junit/vintage/junit-vintage-engine/5.9.3/junit-vintage-engine-5.9.3.jar:/Users/fahimfaqiri/.m2/repository/org/junit/platform/junit-platform-engine/1.9.3/junit-platform-engine-1.9.3.jar:/Users/fahimfaqiri/.m2/repository/junit/junit/4.13.2/junit-4.13.2.jar:/Users/fahimfaqiri/.m2/repository/org/apiguardian/apiguardian-api/1.1.2/apiguardian-api-1.1.2.jar:/Users/fahimfaqiri/.m2/repository/com/h2database/h2/2.2.220/h2-2.2.220.jar:"/>
    <property name="sun.cpu.endian" value="little"/>
    <property name="user.home" value="/Users/fahimfaqiri"/>
    <property name="user.language" value="en"/>
    <property name="java.specification.vendor" value="Oracle Corporation"/>
    <property name="java.version.date" value="2023-01-17"/>
    <property name="java.home" value="/Library/Java/JavaVirtualMachines/jdk-19.jdk/Contents/Home"/>
    <property name="file.separator" value="/"/>
    <property name="basedir" value="/Users/fahimfaqiri/Documents/Peek/backend"/>
    <property name="java.vm.compressedOopsMode" value="Zero based"/>
    <property name="line.separator" value="&#10;"/>
    <property name="java.vm.specification.vendor" value="Oracle Corporation"/>
    <property name="java.specification.name" value="Java Platform API Specification"/>
    <property name="FILE_LOG_CHARSET" value="UTF-8"/>
    <property name="java.awt.headless" value="true"/>
    <property name="apple.awt.application.name" value="ForkedBooter"/>
    <property name="surefire.real.class.path" value="/Users/fahimfaqiri/Documents/Peek/backend/target/surefire/surefirebooter-20240109221001750_3.jar"/>
    <property name="sun.management.compiler" value="HotSpot 64-Bit Tiered Compilers"/>
    <property name="ftp.nonProxyHosts" value="local|*.local|169.254/16|*.169.254/16"/>
    <property name="java.runtime.version" value="19.0.2+7-44"/>
    <property name="user.name" value="fahimfaqiri"/>
    <property name="stdout.encoding" value="US-ASCII"/>
    <property name="path.separator" value=":"/>
    <property name="os.version" value="13.0.1"/>
    <property name="java.runtime.name" value="Java(TM) SE Runtime Environment"/>
    <property name="file.encoding" value="UTF-8"/>
    <property name="java.vm.name" value="Java HotSpot(TM) 64-Bit Server VM"/>
    <property name="localRepository" value="/Users/fahimfaqiri/.m2/repository"/>
    <property name="java.vendor.url.bug" value="https://bugreport.java.com/bugreport/"/>
    <property name="java.io.tmpdir" value="/var/folders/7v/r1cwzvz53tsfjjvm77mbcgnw0000gn/T/"/>
    <property name="idea.version" value="2022.2.3"/>
    <property name="com.zaxxer.hikari.pool_number" value="1"/>
    <property name="java.version" value="19.0.2"/>
    <property name="user.dir" value="/Users/fahimfaqiri/Documents/Peek/backend"/>
    <property name="os.arch" value="aarch64"/>
    <property name="java.vm.specification.name" value="Java Virtual Machine Specification"/>
    <property name="PID" value="5705"/>
    <property name="CONSOLE_LOG_CHARSET" value="UTF-8"/>
    <property name="native.encoding" value="US-ASCII"/>
    <property name="java.library.path" value="/Users/fahimfaqiri/Library/Java/Extensions:/Library/Java/Extensions:/Network/Library/Java/Extensions:/System/Library/Java/Extensions:/usr/lib/java:."/>
    <property name="java.vm.info" value="mixed mode, sharing"/>
    <property name="stderr.encoding" value="US-ASCII"/>
    <property name="java.vendor" value="Oracle Corporation"/>
    <property name="java.vm.version" value="19.0.2+7-44"/>
    <property name="sun.io.unicode.encoding" value="UnicodeBig"/>
    <property name="socksNonProxyHosts" value="local|*.local|169.254/16|*.169.254/16"/>
    <property name="java.class.version" value="63.0"/>
  </properties>
  <testcase name="testCreateProject" classname="nl.hva.backend.Fahim.rest.TestingWebApplicationTests" time="1.093">
    <system-out><![CDATA[22:10:02.099 [main] INFO org.springframework.test.context.support.AnnotationConfigContextLoaderUtils -- Could not detect default configuration classes for test class [nl.hva.backend.Fahim.rest.TestingWebApplicationTests]: TestingWebApplicationTests does not declare any static, non-private, non-final, nested classes annotated with @Configuration.
22:10:02.145 [main] INFO org.springframework.boot.test.context.SpringBootTestContextBootstrapper -- Found @SpringBootConfiguration nl.hva.backend.BackendApplication for test class nl.hva.backend.Fahim.rest.TestingWebApplicationTests

  .   ____          _            __ _ _
 /\\ / ___'_ __ _ _(_)_ __  __ _ \ \ \ \
( ( )\___ | '_ | '_| | '_ \/ _` | \ \ \ \
 \\/  ___)| |_)| | | | | || (_| |  ) ) ) )
  '  |____| .__|_| |_|_| |_\__, | / / / /
 =========|_|==============|___/=/_/_/_/
 :: Spring Boot ::                (v3.1.5)

2024-01-09T22:10:02.307+01:00  INFO 5705 --- [           main] n.h.b.F.rest.TestingWebApplicationTests  : Starting TestingWebApplicationTests using Java 19.0.2 with PID 5705 (started by fahimfaqiri in /Users/fahimfaqiri/Documents/Peek/backend)
2024-01-09T22:10:02.307+01:00  INFO 5705 --- [           main] n.h.b.F.rest.TestingWebApplicationTests  : No active profile set, falling back to 1 default profile: "default"
2024-01-09T22:10:02.611+01:00  INFO 5705 --- [           main] .s.d.r.c.RepositoryConfigurationDelegate : Bootstrapping Spring Data JPA repositories in DEFAULT mode.
2024-01-09T22:10:02.655+01:00  INFO 5705 --- [           main] .s.d.r.c.RepositoryConfigurationDelegate : Finished Spring Data repository scanning in 40 ms. Found 10 JPA repository interfaces.
2024-01-09T22:10:02.921+01:00  INFO 5705 --- [           main] o.hibernate.jpa.internal.util.LogHelper  : HHH000204: Processing PersistenceUnitInfo [name: default]
2024-01-09T22:10:02.947+01:00  INFO 5705 --- [           main] org.hibernate.Version                    : HHH000412: Hibernate ORM core version 6.2.13.Final
2024-01-09T22:10:02.948+01:00  INFO 5705 --- [           main] org.hibernate.cfg.Environment            : HHH000406: Using bytecode reflection optimizer
2024-01-09T22:10:02.951+01:00  WARN 5705 --- [           main] org.hibernate.orm.deprecation            : HHH90000021: Encountered deprecated setting [javax.persistence.validation.mode], use [jakarta.persistence.validation.mode] instead
2024-01-09T22:10:02.991+01:00 DEBUG 5705 --- [           main] org.hibernate.type.BasicTypeRegistry     : Adding type registration boolean -> org.hibernate.type.BasicTypeReference@6070775e
2024-01-09T22:10:02.991+01:00 DEBUG 5705 --- [           main] org.hibernate.type.BasicTypeRegistry     : Adding type registration boolean -> org.hibernate.type.BasicTypeReference@6070775e
2024-01-09T22:10:02.991+01:00 DEBUG 5705 --- [           main] org.hibernate.type.BasicTypeRegistry     : Adding type registration java.lang.Boolean -> org.hibernate.type.BasicTypeReference@6070775e
2024-01-09T22:10:02.991+01:00 DEBUG 5705 --- [           main] org.hibernate.type.BasicTypeRegistry     : Adding type registration numeric_boolean -> org.hibernate.type.BasicTypeReference@b5ac0c1
2024-01-09T22:10:02.991+01:00 DEBUG 5705 --- [           main] org.hibernate.type.BasicTypeRegistry     : Adding type registration org.hibernate.type.NumericBooleanConverter -> org.hibernate.type.BasicTypeReference@b5ac0c1
2024-01-09T22:10:02.991+01:00 DEBUG 5705 --- [           main] org.hibernate.type.BasicTypeRegistry     : Adding type registration true_false -> org.hibernate.type.BasicTypeReference@224c7de4
2024-01-09T22:10:02.991+01:00 DEBUG 5705 --- [           main] org.hibernate.type.BasicTypeRegistry     : Adding type registration org.hibernate.type.TrueFalseConverter -> org.hibernate.type.BasicTypeReference@224c7de4
2024-01-09T22:10:02.991+01:00 DEBUG 5705 --- [           main] org.hibernate.type.BasicTypeRegistry     : Adding type registration yes_no -> org.hibernate.type.BasicTypeReference@36ad229b
2024-01-09T22:10:02.991+01:00 DEBUG 5705 --- [           main] org.hibernate.type.BasicTypeRegistry     : Adding type registration org.hibernate.type.YesNoConverter -> org.hibernate.type.BasicTypeReference@36ad229b
2024-01-09T22:10:02.992+01:00 DEBUG 5705 --- [           main] org.hibernate.type.BasicTypeRegistry     : Adding type registration byte -> org.hibernate.type.BasicTypeReference@55846997
2024-01-09T22:10:02.992+01:00 DEBUG 5705 --- [           main] org.hibernate.type.BasicTypeRegistry     : Adding type registration byte -> org.hibernate.type.BasicTypeReference@55846997
2024-01-09T22:10:02.992+01:00 DEBUG 5705 --- [           main] org.hibernate.type.BasicTypeRegistry     : Adding type registration java.lang.Byte -> org.hibernate.type.BasicTypeReference@55846997
2024-01-09T22:10:02.992+01:00 DEBUG 5705 --- [           main] org.hibernate.type.BasicTypeRegistry     : Adding type registration binary -> org.hibernate.type.BasicTypeReference@805e72e
2024-01-09T22:10:02.992+01:00 DEBUG 5705 --- [           main] org.hibernate.type.BasicTypeRegistry     : Adding type registration byte[] -> org.hibernate.type.BasicTypeReference@805e72e
2024-01-09T22:10:02.992+01:00 DEBUG 5705 --- [           main] org.hibernate.type.BasicTypeRegistry     : Adding type registration [B -> org.hibernate.type.BasicTypeReference@805e72e
2024-01-09T22:10:02.992+01:00 DEBUG 5705 --- [           main] org.hibernate.type.BasicTypeRegistry     : Adding type registration binary_wrapper -> org.hibernate.type.BasicTypeReference@49671897
2024-01-09T22:10:02.992+01:00 DEBUG 5705 --- [           main] org.hibernate.type.BasicTypeRegistry     : Adding type registration wrapper-binary -> org.hibernate.type.BasicTypeReference@49671897
2024-01-09T22:10:02.992+01:00 DEBUG 5705 --- [           main] org.hibernate.type.BasicTypeRegistry     : Adding type registration image -> org.hibernate.type.BasicTypeReference@168142da
2024-01-09T22:10:02.992+01:00 DEBUG 5705 --- [           main] org.hibernate.type.BasicTypeRegistry     : Adding type registration blob -> org.hibernate.type.BasicTypeReference@60bf494c
2024-01-09T22:10:02.992+01:00 DEBUG 5705 --- [           main] org.hibernate.type.BasicTypeRegistry     : Adding type registration java.sql.Blob -> org.hibernate.type.BasicTypeReference@60bf494c
2024-01-09T22:10:02.992+01:00 DEBUG 5705 --- [           main] org.hibernate.type.BasicTypeRegistry     : Adding type registration materialized_blob -> org.hibernate.type.BasicTypeReference@47a4eee2
2024-01-09T22:10:02.992+01:00 DEBUG 5705 --- [           main] org.hibernate.type.BasicTypeRegistry     : Adding type registration materialized_blob_wrapper -> org.hibernate.type.BasicTypeReference@36f6e521
2024-01-09T22:10:02.992+01:00 DEBUG 5705 --- [           main] org.hibernate.type.BasicTypeRegistry     : Adding type registration short -> org.hibernate.type.BasicTypeReference@2afdf6b7
2024-01-09T22:10:02.993+01:00 DEBUG 5705 --- [           main] org.hibernate.type.BasicTypeRegistry     : Adding type registration short -> org.hibernate.type.BasicTypeReference@2afdf6b7
2024-01-09T22:10:02.993+01:00 DEBUG 5705 --- [           main] org.hibernate.type.BasicTypeRegistry     : Adding type registration java.lang.Short -> org.hibernate.type.BasicTypeReference@2afdf6b7
2024-01-09T22:10:02.993+01:00 DEBUG 5705 --- [           main] org.hibernate.type.BasicTypeRegistry     : Adding type registration integer -> org.hibernate.type.BasicTypeReference@30922f8d
2024-01-09T22:10:02.993+01:00 DEBUG 5705 --- [           main] org.hibernate.type.BasicTypeRegistry     : Adding type registration int -> org.hibernate.type.BasicTypeReference@30922f8d
2024-01-09T22:10:02.993+01:00 DEBUG 5705 --- [           main] org.hibernate.type.BasicTypeRegistry     : Adding type registration java.lang.Integer -> org.hibernate.type.BasicTypeReference@30922f8d
2024-01-09T22:10:02.993+01:00 DEBUG 5705 --- [           main] org.hibernate.type.BasicTypeRegistry     : Adding type registration long -> org.hibernate.type.BasicTypeReference@50211483
2024-01-09T22:10:02.993+01:00 DEBUG 5705 --- [           main] org.hibernate.type.BasicTypeRegistry     : Adding type registration long -> org.hibernate.type.BasicTypeReference@50211483
2024-01-09T22:10:02.993+01:00 DEBUG 5705 --- [           main] org.hibernate.type.BasicTypeRegistry     : Adding type registration java.lang.Long -> org.hibernate.type.BasicTypeReference@50211483
2024-01-09T22:10:02.993+01:00 DEBUG 5705 --- [           main] org.hibernate.type.BasicTypeRegistry     : Adding type registration float -> org.hibernate.type.BasicTypeReference@51ff3c4b
2024-01-09T22:10:02.993+01:00 DEBUG 5705 --- [           main] org.hibernate.type.BasicTypeRegistry     : Adding type registration float -> org.hibernate.type.BasicTypeReference@51ff3c4b
2024-01-09T22:10:02.993+01:00 DEBUG 5705 --- [           main] org.hibernate.type.BasicTypeRegistry     : Adding type registration java.lang.Float -> org.hibernate.type.BasicTypeReference@51ff3c4b
2024-01-09T22:10:02.993+01:00 DEBUG 5705 --- [           main] org.hibernate.type.BasicTypeRegistry     : Adding type registration double -> org.hibernate.type.BasicTypeReference@1472208d
2024-01-09T22:10:02.993+01:00 DEBUG 5705 --- [           main] org.hibernate.type.BasicTypeRegistry     : Adding type registration double -> org.hibernate.type.BasicTypeReference@1472208d
2024-01-09T22:10:02.993+01:00 DEBUG 5705 --- [           main] org.hibernate.type.BasicTypeRegistry     : Adding type registration java.lang.Double -> org.hibernate.type.BasicTypeReference@1472208d
2024-01-09T22:10:02.993+01:00 DEBUG 5705 --- [           main] org.hibernate.type.BasicTypeRegistry     : Adding type registration big_integer -> org.hibernate.type.BasicTypeReference@35bd8bc9
2024-01-09T22:10:02.993+01:00 DEBUG 5705 --- [           main] org.hibernate.type.BasicTypeRegistry     : Adding type registration java.math.BigInteger -> org.hibernate.type.BasicTypeReference@35bd8bc9
2024-01-09T22:10:02.993+01:00 DEBUG 5705 --- [           main] org.hibernate.type.BasicTypeRegistry     : Adding type registration big_decimal -> org.hibernate.type.BasicTypeReference@6de004f1
2024-01-09T22:10:02.994+01:00 DEBUG 5705 --- [           main] org.hibernate.type.BasicTypeRegistry     : Adding type registration java.math.BigDecimal -> org.hibernate.type.BasicTypeReference@6de004f1
2024-01-09T22:10:02.994+01:00 DEBUG 5705 --- [           main] org.hibernate.type.BasicTypeRegistry     : Adding type registration character -> org.hibernate.type.BasicTypeReference@45d56062
2024-01-09T22:10:02.994+01:00 DEBUG 5705 --- [           main] org.hibernate.type.BasicTypeRegistry     : Adding type registration char -> org.hibernate.type.BasicTypeReference@45d56062
2024-01-09T22:10:02.994+01:00 DEBUG 5705 --- [           main] org.hibernate.type.BasicTypeRegistry     : Adding type registration java.lang.Character -> org.hibernate.type.BasicTypeReference@45d56062
2024-01-09T22:10:02.994+01:00 DEBUG 5705 --- [           main] org.hibernate.type.BasicTypeRegistry     : Adding type registration character_nchar -> org.hibernate.type.BasicTypeReference@4026461d
2024-01-09T22:10:02.994+01:00 DEBUG 5705 --- [           main] org.hibernate.type.BasicTypeRegistry     : Adding type registration string -> org.hibernate.type.BasicTypeReference@191c6e13
2024-01-09T22:10:02.994+01:00 DEBUG 5705 --- [           main] org.hibernate.type.BasicTypeRegistry     : Adding type registration java.lang.String -> org.hibernate.type.BasicTypeReference@191c6e13
2024-01-09T22:10:02.994+01:00 DEBUG 5705 --- [           main] org.hibernate.type.BasicTypeRegistry     : Adding type registration nstring -> org.hibernate.type.BasicTypeReference@7436364d
2024-01-09T22:10:02.994+01:00 DEBUG 5705 --- [           main] org.hibernate.type.BasicTypeRegistry     : Adding type registration characters -> org.hibernate.type.BasicTypeReference@1a8e9ed9
2024-01-09T22:10:02.994+01:00 DEBUG 5705 --- [           main] org.hibernate.type.BasicTypeRegistry     : Adding type registration char[] -> org.hibernate.type.BasicTypeReference@1a8e9ed9
2024-01-09T22:10:02.994+01:00 DEBUG 5705 --- [           main] org.hibernate.type.BasicTypeRegistry     : Adding type registration [C -> org.hibernate.type.BasicTypeReference@1a8e9ed9
2024-01-09T22:10:02.995+01:00 DEBUG 5705 --- [           main] org.hibernate.type.BasicTypeRegistry     : Adding type registration wrapper-characters -> org.hibernate.type.BasicTypeReference@68ea253b
2024-01-09T22:10:02.995+01:00 DEBUG 5705 --- [           main] org.hibernate.type.BasicTypeRegistry     : Adding type registration text -> org.hibernate.type.BasicTypeReference@12fcb2c3
2024-01-09T22:10:02.995+01:00 DEBUG 5705 --- [           main] org.hibernate.type.BasicTypeRegistry     : Adding type registration ntext -> org.hibernate.type.BasicTypeReference@57bd6a8f
2024-01-09T22:10:02.995+01:00 DEBUG 5705 --- [           main] org.hibernate.type.BasicTypeRegistry     : Adding type registration clob -> org.hibernate.type.BasicTypeReference@39ab5ef7
2024-01-09T22:10:02.995+01:00 DEBUG 5705 --- [           main] org.hibernate.type.BasicTypeRegistry     : Adding type registration java.sql.Clob -> org.hibernate.type.BasicTypeReference@39ab5ef7
2024-01-09T22:10:02.995+01:00 DEBUG 5705 --- [           main] org.hibernate.type.BasicTypeRegistry     : Adding type registration nclob -> org.hibernate.type.BasicTypeReference@517704
2024-01-09T22:10:02.995+01:00 DEBUG 5705 --- [           main] org.hibernate.type.BasicTypeRegistry     : Adding type registration java.sql.NClob -> org.hibernate.type.BasicTypeReference@517704
2024-01-09T22:10:02.995+01:00 DEBUG 5705 --- [           main] org.hibernate.type.BasicTypeRegistry     : Adding type registration materialized_clob -> org.hibernate.type.BasicTypeReference@77cca767
2024-01-09T22:10:02.995+01:00 DEBUG 5705 --- [           main] org.hibernate.type.BasicTypeRegistry     : Adding type registration materialized_clob_char_array -> org.hibernate.type.BasicTypeReference@4b195203
2024-01-09T22:10:02.995+01:00 DEBUG 5705 --- [           main] org.hibernate.type.BasicTypeRegistry     : Adding type registration materialized_clob_character_array -> org.hibernate.type.BasicTypeReference@28a6e171
2024-01-09T22:10:02.995+01:00 DEBUG 5705 --- [           main] org.hibernate.type.BasicTypeRegistry     : Adding type registration materialized_nclob -> org.hibernate.type.BasicTypeReference@23444a36
2024-01-09T22:10:02.995+01:00 DEBUG 5705 --- [           main] org.hibernate.type.BasicTypeRegistry     : Adding type registration materialized_nclob_character_array -> org.hibernate.type.BasicTypeReference@31a136a6
2024-01-09T22:10:02.995+01:00 DEBUG 5705 --- [           main] org.hibernate.type.BasicTypeRegistry     : Adding type registration materialized_nclob_char_array -> org.hibernate.type.BasicTypeReference@30a9e3db
2024-01-09T22:10:02.995+01:00 DEBUG 5705 --- [           main] org.hibernate.type.BasicTypeRegistry     : Adding type registration Duration -> org.hibernate.type.BasicTypeReference@2f9b21d6
2024-01-09T22:10:02.995+01:00 DEBUG 5705 --- [           main] org.hibernate.type.BasicTypeRegistry     : Adding type registration java.time.Duration -> org.hibernate.type.BasicTypeReference@2f9b21d6
2024-01-09T22:10:02.995+01:00 DEBUG 5705 --- [           main] org.hibernate.type.BasicTypeRegistry     : Adding type registration LocalDateTime -> org.hibernate.type.BasicTypeReference@2e0fdbe9
2024-01-09T22:10:02.995+01:00 DEBUG 5705 --- [           main] org.hibernate.type.BasicTypeRegistry     : Adding type registration java.time.LocalDateTime -> org.hibernate.type.BasicTypeReference@2e0fdbe9
2024-01-09T22:10:02.995+01:00 DEBUG 5705 --- [           main] org.hibernate.type.BasicTypeRegistry     : Adding type registration LocalDate -> org.hibernate.type.BasicTypeReference@16a3cc88
2024-01-09T22:10:02.996+01:00 DEBUG 5705 --- [           main] org.hibernate.type.BasicTypeRegistry     : Adding type registration java.time.LocalDate -> org.hibernate.type.BasicTypeReference@16a3cc88
2024-01-09T22:10:02.996+01:00 DEBUG 5705 --- [           main] org.hibernate.type.BasicTypeRegistry     : Adding type registration LocalTime -> org.hibernate.type.BasicTypeReference@696b52bc
2024-01-09T22:10:02.996+01:00 DEBUG 5705 --- [           main] org.hibernate.type.BasicTypeRegistry     : Adding type registration java.time.LocalTime -> org.hibernate.type.BasicTypeReference@696b52bc
2024-01-09T22:10:02.996+01:00 DEBUG 5705 --- [           main] org.hibernate.type.BasicTypeRegistry     : Adding type registration OffsetDateTime -> org.hibernate.type.BasicTypeReference@1f884bd6
2024-01-09T22:10:02.996+01:00 DEBUG 5705 --- [           main] org.hibernate.type.BasicTypeRegistry     : Adding type registration java.time.OffsetDateTime -> org.hibernate.type.BasicTypeReference@1f884bd6
2024-01-09T22:10:02.996+01:00 DEBUG 5705 --- [           main] org.hibernate.type.BasicTypeRegistry     : Adding type registration OffsetDateTimeWithTimezone -> org.hibernate.type.BasicTypeReference@4f081b5d
2024-01-09T22:10:02.996+01:00 DEBUG 5705 --- [           main] org.hibernate.type.BasicTypeRegistry     : Adding type registration OffsetDateTimeWithoutTimezone -> org.hibernate.type.BasicTypeReference@474749b8
2024-01-09T22:10:02.996+01:00 DEBUG 5705 --- [           main] org.hibernate.type.BasicTypeRegistry     : Adding type registration OffsetTime -> org.hibernate.type.BasicTypeReference@740a0d5e
2024-01-09T22:10:02.996+01:00 DEBUG 5705 --- [           main] org.hibernate.type.BasicTypeRegistry     : Adding type registration java.time.OffsetTime -> org.hibernate.type.BasicTypeReference@740a0d5e
2024-01-09T22:10:02.996+01:00 DEBUG 5705 --- [           main] org.hibernate.type.BasicTypeRegistry     : Adding type registration OffsetTimeUtc -> org.hibernate.type.BasicTypeReference@29013ef2
2024-01-09T22:10:02.996+01:00 DEBUG 5705 --- [           main] org.hibernate.type.BasicTypeRegistry     : Adding type registration OffsetTimeWithTimezone -> org.hibernate.type.BasicTypeReference@265c1a7c
2024-01-09T22:10:02.996+01:00 DEBUG 5705 --- [           main] org.hibernate.type.BasicTypeRegistry     : Adding type registration OffsetTimeWithoutTimezone -> org.hibernate.type.BasicTypeReference@5b2b8d86
2024-01-09T22:10:02.996+01:00 DEBUG 5705 --- [           main] org.hibernate.type.BasicTypeRegistry     : Adding type registration ZonedDateTime -> org.hibernate.type.BasicTypeReference@7fef0b40
2024-01-09T22:10:02.996+01:00 DEBUG 5705 --- [           main] org.hibernate.type.BasicTypeRegistry     : Adding type registration java.time.ZonedDateTime -> org.hibernate.type.BasicTypeReference@7fef0b40
2024-01-09T22:10:02.996+01:00 DEBUG 5705 --- [           main] org.hibernate.type.BasicTypeRegistry     : Adding type registration ZonedDateTimeWithTimezone -> org.hibernate.type.BasicTypeReference@5f395ce1
2024-01-09T22:10:02.996+01:00 DEBUG 5705 --- [           main] org.hibernate.type.BasicTypeRegistry     : Adding type registration ZonedDateTimeWithoutTimezone -> org.hibernate.type.BasicTypeReference@19f02280
2024-01-09T22:10:02.996+01:00 DEBUG 5705 --- [           main] org.hibernate.type.BasicTypeRegistry     : Adding type registration date -> org.hibernate.type.BasicTypeReference@1e30db85
2024-01-09T22:10:02.996+01:00 DEBUG 5705 --- [           main] org.hibernate.type.BasicTypeRegistry     : Adding type registration java.sql.Date -> org.hibernate.type.BasicTypeReference@1e30db85
2024-01-09T22:10:02.996+01:00 DEBUG 5705 --- [           main] org.hibernate.type.BasicTypeRegistry     : Adding type registration time -> org.hibernate.type.BasicTypeReference@19827608
2024-01-09T22:10:02.996+01:00 DEBUG 5705 --- [           main] org.hibernate.type.BasicTypeRegistry     : Adding type registration java.sql.Time -> org.hibernate.type.BasicTypeReference@19827608
2024-01-09T22:10:02.997+01:00 DEBUG 5705 --- [           main] org.hibernate.type.BasicTypeRegistry     : Adding type registration timestamp -> org.hibernate.type.BasicTypeReference@cc9ef8d
2024-01-09T22:10:02.997+01:00 DEBUG 5705 --- [           main] org.hibernate.type.BasicTypeRegistry     : Adding type registration java.sql.Timestamp -> org.hibernate.type.BasicTypeReference@cc9ef8d
2024-01-09T22:10:02.997+01:00 DEBUG 5705 --- [           main] org.hibernate.type.BasicTypeRegistry     : Adding type registration java.util.Date -> org.hibernate.type.BasicTypeReference@cc9ef8d
2024-01-09T22:10:02.997+01:00 DEBUG 5705 --- [           main] org.hibernate.type.BasicTypeRegistry     : Adding type registration calendar -> org.hibernate.type.BasicTypeReference@14b528b6
2024-01-09T22:10:02.997+01:00 DEBUG 5705 --- [           main] org.hibernate.type.BasicTypeRegistry     : Adding type registration java.util.Calendar -> org.hibernate.type.BasicTypeReference@14b528b6
2024-01-09T22:10:02.997+01:00 DEBUG 5705 --- [           main] org.hibernate.type.BasicTypeRegistry     : Adding type registration java.util.GregorianCalendar -> org.hibernate.type.BasicTypeReference@14b528b6
2024-01-09T22:10:02.997+01:00 DEBUG 5705 --- [           main] org.hibernate.type.BasicTypeRegistry     : Adding type registration calendar_date -> org.hibernate.type.BasicTypeReference@c412556
2024-01-09T22:10:02.997+01:00 DEBUG 5705 --- [           main] org.hibernate.type.BasicTypeRegistry     : Adding type registration calendar_time -> org.hibernate.type.BasicTypeReference@6f930e0
2024-01-09T22:10:02.997+01:00 DEBUG 5705 --- [           main] org.hibernate.type.BasicTypeRegistry     : Adding type registration instant -> org.hibernate.type.BasicTypeReference@450f0235
2024-01-09T22:10:02.997+01:00 DEBUG 5705 --- [           main] org.hibernate.type.BasicTypeRegistry     : Adding type registration java.time.Instant -> org.hibernate.type.BasicTypeReference@450f0235
2024-01-09T22:10:02.997+01:00 DEBUG 5705 --- [           main] org.hibernate.type.BasicTypeRegistry     : Adding type registration uuid -> org.hibernate.type.BasicTypeReference@78c262ba
2024-01-09T22:10:02.997+01:00 DEBUG 5705 --- [           main] org.hibernate.type.BasicTypeRegistry     : Adding type registration java.util.UUID -> org.hibernate.type.BasicTypeReference@78c262ba
2024-01-09T22:10:02.997+01:00 DEBUG 5705 --- [           main] org.hibernate.type.BasicTypeRegistry     : Adding type registration pg-uuid -> org.hibernate.type.BasicTypeReference@78c262ba
2024-01-09T22:10:02.997+01:00 DEBUG 5705 --- [           main] org.hibernate.type.BasicTypeRegistry     : Adding type registration uuid-binary -> org.hibernate.type.BasicTypeReference@7d2c9361
2024-01-09T22:10:02.997+01:00 DEBUG 5705 --- [           main] org.hibernate.type.BasicTypeRegistry     : Adding type registration uuid-char -> org.hibernate.type.BasicTypeReference@329dc214
2024-01-09T22:10:02.997+01:00 DEBUG 5705 --- [           main] org.hibernate.type.BasicTypeRegistry     : Adding type registration class -> org.hibernate.type.BasicTypeReference@fbe70d8
2024-01-09T22:10:02.997+01:00 DEBUG 5705 --- [           main] org.hibernate.type.BasicTypeRegistry     : Adding type registration java.lang.Class -> org.hibernate.type.BasicTypeReference@fbe70d8
2024-01-09T22:10:02.997+01:00 DEBUG 5705 --- [           main] org.hibernate.type.BasicTypeRegistry     : Adding type registration currency -> org.hibernate.type.BasicTypeReference@64021427
2024-01-09T22:10:02.997+01:00 DEBUG 5705 --- [           main] org.hibernate.type.BasicTypeRegistry     : Adding type registration Currency -> org.hibernate.type.BasicTypeReference@64021427
2024-01-09T22:10:02.997+01:00 DEBUG 5705 --- [           main] org.hibernate.type.BasicTypeRegistry     : Adding type registration java.util.Currency -> org.hibernate.type.BasicTypeReference@64021427
2024-01-09T22:10:02.997+01:00 DEBUG 5705 --- [           main] org.hibernate.type.BasicTypeRegistry     : Adding type registration locale -> org.hibernate.type.BasicTypeReference@7d2c345d
2024-01-09T22:10:02.997+01:00 DEBUG 5705 --- [           main] org.hibernate.type.BasicTypeRegistry     : Adding type registration java.util.Locale -> org.hibernate.type.BasicTypeReference@7d2c345d
2024-01-09T22:10:02.998+01:00 DEBUG 5705 --- [           main] org.hibernate.type.BasicTypeRegistry     : Adding type registration serializable -> org.hibernate.type.BasicTypeReference@217dc48e
2024-01-09T22:10:02.998+01:00 DEBUG 5705 --- [           main] org.hibernate.type.BasicTypeRegistry     : Adding type registration java.io.Serializable -> org.hibernate.type.BasicTypeReference@217dc48e
2024-01-09T22:10:02.998+01:00 DEBUG 5705 --- [           main] org.hibernate.type.BasicTypeRegistry     : Adding type registration timezone -> org.hibernate.type.BasicTypeReference@5db948c9
2024-01-09T22:10:02.998+01:00 DEBUG 5705 --- [           main] org.hibernate.type.BasicTypeRegistry     : Adding type registration java.util.TimeZone -> org.hibernate.type.BasicTypeReference@5db948c9
2024-01-09T22:10:02.998+01:00 DEBUG 5705 --- [           main] org.hibernate.type.BasicTypeRegistry     : Adding type registration ZoneOffset -> org.hibernate.type.BasicTypeReference@296edc75
2024-01-09T22:10:02.998+01:00 DEBUG 5705 --- [           main] org.hibernate.type.BasicTypeRegistry     : Adding type registration java.time.ZoneOffset -> org.hibernate.type.BasicTypeReference@296edc75
2024-01-09T22:10:02.998+01:00 DEBUG 5705 --- [           main] org.hibernate.type.BasicTypeRegistry     : Adding type registration url -> org.hibernate.type.BasicTypeReference@357c9bd9
2024-01-09T22:10:02.998+01:00 DEBUG 5705 --- [           main] org.hibernate.type.BasicTypeRegistry     : Adding type registration java.net.URL -> org.hibernate.type.BasicTypeReference@357c9bd9
2024-01-09T22:10:02.998+01:00 DEBUG 5705 --- [           main] org.hibernate.type.BasicTypeRegistry     : Adding type registration row_version -> org.hibernate.type.BasicTypeReference@7aea704c
2024-01-09T22:10:03.001+01:00 DEBUG 5705 --- [           main] org.hibernate.type.BasicTypeRegistry     : Adding type registration object -> org.hibernate.type.JavaObjectType@7f8a9454
2024-01-09T22:10:03.001+01:00 DEBUG 5705 --- [           main] org.hibernate.type.BasicTypeRegistry     : Adding type registration java.lang.Object -> org.hibernate.type.JavaObjectType@7f8a9454
2024-01-09T22:10:03.001+01:00 DEBUG 5705 --- [           main] org.hibernate.type.BasicTypeRegistry     : Adding type registration null -> org.hibernate.type.NullType@4a642e4b
2024-01-09T22:10:03.002+01:00 DEBUG 5705 --- [           main] org.hibernate.type.BasicTypeRegistry     : Adding type registration imm_date -> org.hibernate.type.BasicTypeReference@6b162ecc
2024-01-09T22:10:03.002+01:00 DEBUG 5705 --- [           main] org.hibernate.type.BasicTypeRegistry     : Adding type registration imm_time -> org.hibernate.type.BasicTypeReference@58aa1d72
2024-01-09T22:10:03.002+01:00 DEBUG 5705 --- [           main] org.hibernate.type.BasicTypeRegistry     : Adding type registration imm_timestamp -> org.hibernate.type.BasicTypeReference@33d7765a
2024-01-09T22:10:03.002+01:00 DEBUG 5705 --- [           main] org.hibernate.type.BasicTypeRegistry     : Adding type registration imm_calendar -> org.hibernate.type.BasicTypeReference@69ed5ea2
2024-01-09T22:10:03.002+01:00 DEBUG 5705 --- [           main] org.hibernate.type.BasicTypeRegistry     : Adding type registration imm_calendar_date -> org.hibernate.type.BasicTypeReference@56a4abd0
2024-01-09T22:10:03.002+01:00 DEBUG 5705 --- [           main] org.hibernate.type.BasicTypeRegistry     : Adding type registration imm_calendar_time -> org.hibernate.type.BasicTypeReference@5eed6dfb
2024-01-09T22:10:03.002+01:00 DEBUG 5705 --- [           main] org.hibernate.type.BasicTypeRegistry     : Adding type registration imm_binary -> org.hibernate.type.BasicTypeReference@5600a5da
2024-01-09T22:10:03.002+01:00 DEBUG 5705 --- [           main] org.hibernate.type.BasicTypeRegistry     : Adding type registration imm_serializable -> org.hibernate.type.BasicTypeReference@551be9f6
2024-01-09T22:10:03.091+01:00  INFO 5705 --- [           main] o.s.o.j.p.SpringPersistenceUnitInfo      : No LoadTimeWeaver setup: ignoring JPA class transformer
2024-01-09T22:10:03.108+01:00  INFO 5705 --- [           main] com.zaxxer.hikari.HikariDataSource       : HikariPool-1 - Starting...
2024-01-09T22:10:04.853+01:00  INFO 5705 --- [           main] com.zaxxer.hikari.pool.HikariPool        : HikariPool-1 - Added connection org.postgresql.jdbc.PgConnection@699d96bc
2024-01-09T22:10:04.854+01:00  INFO 5705 --- [           main] com.zaxxer.hikari.HikariDataSource       : HikariPool-1 - Start completed.
2024-01-09T22:10:05.044+01:00  WARN 5705 --- [           main] org.hibernate.orm.deprecation            : HHH90000025: PostgreSQLDialect does not need to be specified explicitly using 'hibernate.dialect' (remove the property setting and it will be selected by default)
2024-01-09T22:10:05.386+01:00 DEBUG 5705 --- [           main] o.h.t.d.sql.spi.DdlTypeRegistry          : addDescriptor(6, org.hibernate.type.descriptor.sql.internal.CapacityDependentDdlType@a69f9d) replaced previous registration(org.hibernate.type.descriptor.sql.internal.DdlTypeImpl@5a8dcfbb)
2024-01-09T22:10:05.388+01:00 DEBUG 5705 --- [           main] o.h.t.d.jdbc.spi.JdbcTypeRegistry        : addDescriptor(2004, BlobTypeDescriptor(BLOB_BINDING)) replaced previous registration(BlobTypeDescriptor(DEFAULT))
2024-01-09T22:10:05.388+01:00 DEBUG 5705 --- [           main] o.h.t.d.jdbc.spi.JdbcTypeRegistry        : addDescriptor(2005, ClobTypeDescriptor(CLOB_BINDING)) replaced previous registration(ClobTypeDescriptor(DEFAULT))
2024-01-09T22:10:05.394+01:00 DEBUG 5705 --- [           main] org.hibernate.type.BasicTypeRegistry     : Adding type registration JAVA_OBJECT -> org.hibernate.type.JavaObjectType@299fc582
2024-01-09T22:10:05.394+01:00 DEBUG 5705 --- [           main] org.hibernate.type.BasicTypeRegistry     : Adding type registration java.lang.Object -> org.hibernate.type.JavaObjectType@299fc582
2024-01-09T22:10:05.394+01:00 DEBUG 5705 --- [           main] org.hibernate.type.BasicTypeRegistry     : Type registration key [java.lang.Object] overrode previous entry : `org.hibernate.type.JavaObjectType@7f8a9454`
2024-01-09T22:10:05.396+01:00 DEBUG 5705 --- [           main] org.hibernate.type.BasicTypeRegistry     : Adding type registration Duration -> basicType@1(java.time.Duration,2)
2024-01-09T22:10:05.396+01:00 DEBUG 5705 --- [           main] org.hibernate.type.BasicTypeRegistry     : Adding type registration java.time.Duration -> basicType@1(java.time.Duration,2)
2024-01-09T22:10:05.398+01:00 DEBUG 5705 --- [           main] org.hibernate.type.BasicTypeRegistry     : Adding type registration org.hibernate.type.OffsetDateTimeType -> basicType@2(java.time.OffsetDateTime,3003)
2024-01-09T22:10:05.398+01:00 DEBUG 5705 --- [           main] org.hibernate.type.BasicTypeRegistry     : Adding type registration OffsetDateTime -> basicType@2(java.time.OffsetDateTime,3003)
2024-01-09T22:10:05.399+01:00 DEBUG 5705 --- [           main] org.hibernate.type.BasicTypeRegistry     : Adding type registration java.time.OffsetDateTime -> basicType@2(java.time.OffsetDateTime,3003)
2024-01-09T22:10:05.399+01:00 DEBUG 5705 --- [           main] org.hibernate.type.BasicTypeRegistry     : Adding type registration org.hibernate.type.ZonedDateTimeType -> basicType@3(java.time.ZonedDateTime,3003)
2024-01-09T22:10:05.399+01:00 DEBUG 5705 --- [           main] org.hibernate.type.BasicTypeRegistry     : Adding type registration ZonedDateTime -> basicType@3(java.time.ZonedDateTime,3003)
2024-01-09T22:10:05.399+01:00 DEBUG 5705 --- [           main] org.hibernate.type.BasicTypeRegistry     : Adding type registration java.time.ZonedDateTime -> basicType@3(java.time.ZonedDateTime,3003)
2024-01-09T22:10:05.399+01:00 DEBUG 5705 --- [           main] org.hibernate.type.BasicTypeRegistry     : Adding type registration org.hibernate.type.OffsetTimeType -> basicType@4(java.time.OffsetTime,3007)
2024-01-09T22:10:05.399+01:00 DEBUG 5705 --- [           main] org.hibernate.type.BasicTypeRegistry     : Adding type registration OffsetTime -> basicType@4(java.time.OffsetTime,3007)
2024-01-09T22:10:05.399+01:00 DEBUG 5705 --- [           main] org.hibernate.type.BasicTypeRegistry     : Adding type registration java.time.OffsetTime -> basicType@4(java.time.OffsetTime,3007)
2024-01-09T22:10:05.400+01:00 DEBUG 5705 --- [           main] o.h.type.spi.TypeConfiguration$Scope     : Scoping TypeConfiguration [org.hibernate.type.spi.TypeConfiguration@37a3ec27] to MetadataBuildingContext [org.hibernate.boot.internal.MetadataBuildingContextRootImpl@283baa39]
2024-01-09T22:10:05.940+01:00  INFO 5705 --- [           main] o.h.e.t.j.p.i.JtaPlatformInitiator       : HHH000489: No JTA platform available (set 'hibernate.transaction.jta.platform' to enable JTA platform integration)
2024-01-09T22:10:05.940+01:00 DEBUG 5705 --- [           main] o.h.type.spi.TypeConfiguration$Scope     : Scoping TypeConfiguration [org.hibernate.type.spi.TypeConfiguration@37a3ec27] to SessionFactoryImplementor [org.hibernate.internal.SessionFactoryImpl@17a5ae7b]
2024-01-09T22:10:14.288+01:00 TRACE 5705 --- [           main] o.h.type.spi.TypeConfiguration$Scope     : Handling #sessionFactoryCreated from [org.hibernate.internal.SessionFactoryImpl@17a5ae7b] for TypeConfiguration
2024-01-09T22:10:14.289+01:00  INFO 5705 --- [           main] j.LocalContainerEntityManagerFactoryBean : Initialized JPA EntityManagerFactory for persistence unit 'default'
2024-01-09T22:10:14.425+01:00 DEBUG 5705 --- [           main] o.h.stat.internal.StatisticsInitiator    : Statistics initialized [enabled=false]
2024-01-09T22:10:14.527+01:00  INFO 5705 --- [           main] o.s.d.j.r.query.QueryEnhancerFactory     : Hibernate is in classpath; If applicable, HQL parser will be used.
2024-01-09T22:10:14.939+01:00  INFO 5705 --- [           main] nl.hva.backend.WebSocketConfig           : Configuring message broker
2024-01-09T22:10:14.992+01:00  INFO 5705 --- [           main] nl.hva.backend.WebSocketConfig           : Configuring WebSocket transport
2024-01-09T22:10:14.995+01:00  INFO 5705 --- [           main] nl.hva.backend.WebSocketConfig           : Registering Stomp endpoints
2024-01-09T22:10:15.028+01:00  WARN 5705 --- [           main] JpaBaseConfiguration$JpaWebConfiguration : spring.jpa.open-in-view is enabled by default. Therefore, database queries may be performed during view rendering. Explicitly configure spring.jpa.open-in-view to disable this warning
2024-01-09T22:10:15.102+01:00  INFO 5705 --- [           main] nl.hva.backend.APIConfig                 : Adding cors mappings
2024-01-09T22:10:15.155+01:00  INFO 5705 --- [           main] o.s.s.web.DefaultSecurityFilterChain     : Will secure any request with [org.springframework.security.web.session.DisableEncodeUrlFilter@6cb890ac, org.springframework.security.web.context.request.async.WebAsyncManagerIntegrationFilter@7d4d3842, org.springframework.security.web.context.SecurityContextHolderFilter@8cad98b, org.springframework.security.web.header.HeaderWriterFilter@68d0e075, org.springframework.web.filter.CorsFilter@79a81557, org.springframework.security.web.authentication.logout.LogoutFilter@12387c79, nl.hva.backend.security.jwt.AuthTokenFilter@40085ab3, org.springframework.security.web.savedrequest.RequestCacheAwareFilter@5de6a9b9, org.springframework.security.web.servletapi.SecurityContextHolderAwareRequestFilter@56ca8151, org.springframework.security.web.authentication.AnonymousAuthenticationFilter@5b9ee280, org.springframework.security.web.session.SessionManagementFilter@57c4d33a, org.springframework.security.web.access.ExceptionTranslationFilter@3c88bef5, org.springframework.security.web.access.intercept.AuthorizationFilter@5de991a8]
2024-01-09T22:10:15.289+01:00  INFO 5705 --- [           main] o.s.m.s.b.SimpleBrokerMessageHandler     : Starting...
2024-01-09T22:10:15.289+01:00  INFO 5705 --- [           main] o.s.m.s.b.SimpleBrokerMessageHandler     : BrokerAvailabilityEvent[available=true, SimpleBrokerMessageHandler [org.springframework.messaging.simp.broker.DefaultSubscriptionRegistry@3cb303d9]]
2024-01-09T22:10:15.290+01:00  INFO 5705 --- [           main] o.s.m.s.b.SimpleBrokerMessageHandler     : Started.
2024-01-09T22:10:15.294+01:00  INFO 5705 --- [           main] n.h.b.F.rest.TestingWebApplicationTests  : Started TestingWebApplicationTests in 13.096 seconds (process running for 13.498)
]]></system-out>
  </testcase>
  <testcase name="testFindAllClients" classname="nl.hva.backend.Fahim.rest.TestingWebApplicationTests" time="0.357"/>
  <testcase name="testFindProjectById" classname="nl.hva.backend.Fahim.rest.TestingWebApplicationTests" time="0.515"/>
  <testcase name="contextLoads" classname="nl.hva.backend.Fahim.rest.TestingWebApplicationTests" time="0.005"/>
  <testcase name="testGetProjectById" classname="nl.hva.backend.Fahim.rest.TestingWebApplicationTests" time="0.608"/>
</testsuite>